#! /c/Source/iverilog-install/bin/vvp
:ivl_version "12.0 (devel)" "(s20150603-1110-g18392a46)";
:ivl_delay_selection "TYPICAL";
:vpi_time_precision + 0;
:vpi_module "C:\iverilog\lib\ivl\system.vpi";
:vpi_module "C:\iverilog\lib\ivl\vhdl_sys.vpi";
:vpi_module "C:\iverilog\lib\ivl\vhdl_textio.vpi";
:vpi_module "C:\iverilog\lib\ivl\v2005_math.vpi";
:vpi_module "C:\iverilog\lib\ivl\va_math.vpi";
S_000002ce310c8c60 .scope module, "testmux_16" "testmux_16" 2 1;
 .timescale 0 0;
v000002ce31126cd0_0 .var "in", 15 0;
v000002ce31127b30_0 .net "out", 0 0, L_000002ce3112c830;  1 drivers
v000002ce31127d10_0 .var "sel", 3 0;
S_000002ce310ab460 .scope module, "mymux" "mux16to1" 2 6, 3 1 0, S_000002ce310c8c60;
 .timescale 0 0;
    .port_info 0 /INPUT 16 "in";
    .port_info 1 /OUTPUT 1 "out";
    .port_info 2 /INPUT 4 "sel";
v000002ce31125f10_0 .net "in", 15 0, v000002ce31126cd0_0;  1 drivers
v000002ce31127270_0 .net "o", 3 0, L_000002ce3112dfe0;  1 drivers
v000002ce31126050_0 .net "out", 0 0, L_000002ce3112c830;  alias, 1 drivers
v000002ce31126c30_0 .net "sel", 3 0, v000002ce31127d10_0;  1 drivers
L_000002ce31129010 .part v000002ce31126cd0_0, 0, 4;
L_000002ce3112a2d0 .part v000002ce31127d10_0, 2, 2;
L_000002ce3112a690 .part v000002ce31126cd0_0, 4, 4;
L_000002ce31129290 .part v000002ce31127d10_0, 2, 2;
L_000002ce3112c960 .part v000002ce31126cd0_0, 8, 4;
L_000002ce3112db80 .part v000002ce31127d10_0, 2, 2;
L_000002ce3112dfe0 .concat8 [ 1 1 1 1], L_000002ce3112bb80, L_000002ce3112bbf0, L_000002ce3112bdb0, L_000002ce310a8730;
L_000002ce3112e120 .part v000002ce31126cd0_0, 12, 4;
L_000002ce3112d5e0 .part v000002ce31127d10_0, 2, 2;
L_000002ce31131120 .part v000002ce31127d10_0, 0, 2;
S_000002ce310ab5f0 .scope module, "mux1" "mux4to1" 3 9, 4 1 0, S_000002ce310ab460;
 .timescale 0 0;
    .port_info 0 /OUTPUT 1 "out";
    .port_info 1 /INPUT 4 "in";
    .port_info 2 /INPUT 2 "sel";
L_000002ce310a83b0 .functor NOT 1, L_000002ce31127630, C4<0>, C4<0>, C4<0>;
L_000002ce310a8490 .functor NOT 1, L_000002ce31127770, C4<0>, C4<0>, C4<0>;
L_000002ce310a8570 .functor AND 1, L_000002ce31129f10, L_000002ce31128f70, L_000002ce31129330, C4<1>;
L_000002ce310a8960 .functor AND 1, L_000002ce31129fb0, L_000002ce311289d0, L_000002ce311295b0, C4<1>;
L_000002ce310a8880 .functor AND 1, L_000002ce31128a70, L_000002ce3112a5f0, L_000002ce31129d30, C4<1>;
L_000002ce310a86c0 .functor AND 1, L_000002ce31128930, L_000002ce31129b50, L_000002ce31128bb0, C4<1>;
L_000002ce310a8730 .functor OR 1, L_000002ce311290b0, L_000002ce3112a050, L_000002ce31128ed0, L_000002ce31129dd0;
v000002ce310bc7e0_0 .net *"_ivl_1", 0 0, L_000002ce310a83b0;  1 drivers
v000002ce310a2090_0 .net *"_ivl_10", 0 0, L_000002ce31127770;  1 drivers
v000002ce310a3030_0 .net *"_ivl_12", 0 0, L_000002ce310a8570;  1 drivers
v000002ce310a33f0_0 .net *"_ivl_15", 0 0, L_000002ce31129f10;  1 drivers
v000002ce3109d7c0_0 .net *"_ivl_17", 0 0, L_000002ce31128f70;  1 drivers
v000002ce3111b1b0_0 .net *"_ivl_19", 0 0, L_000002ce31129330;  1 drivers
v000002ce3111a030_0 .net *"_ivl_21", 0 0, L_000002ce310a8960;  1 drivers
v000002ce31119b30_0 .net *"_ivl_24", 0 0, L_000002ce31129fb0;  1 drivers
v000002ce3111a5d0_0 .net *"_ivl_26", 0 0, L_000002ce311289d0;  1 drivers
v000002ce3111b750_0 .net *"_ivl_28", 0 0, L_000002ce311295b0;  1 drivers
v000002ce3111a350_0 .net *"_ivl_30", 0 0, L_000002ce310a8880;  1 drivers
v000002ce3111adf0_0 .net *"_ivl_33", 0 0, L_000002ce31128a70;  1 drivers
v000002ce3111a2b0_0 .net *"_ivl_35", 0 0, L_000002ce3112a5f0;  1 drivers
v000002ce31119bd0_0 .net *"_ivl_37", 0 0, L_000002ce31129d30;  1 drivers
v000002ce3111a3f0_0 .net *"_ivl_39", 0 0, L_000002ce310a86c0;  1 drivers
v000002ce31119db0_0 .net *"_ivl_4", 0 0, L_000002ce31127630;  1 drivers
v000002ce3111a670_0 .net *"_ivl_43", 0 0, L_000002ce31128930;  1 drivers
v000002ce3111b250_0 .net *"_ivl_45", 0 0, L_000002ce31129b50;  1 drivers
v000002ce3111a490_0 .net *"_ivl_47", 0 0, L_000002ce31128bb0;  1 drivers
v000002ce31119f90_0 .net *"_ivl_50", 0 0, L_000002ce311290b0;  1 drivers
v000002ce3111aad0_0 .net *"_ivl_52", 0 0, L_000002ce3112a050;  1 drivers
v000002ce3111a0d0_0 .net *"_ivl_54", 0 0, L_000002ce31128ed0;  1 drivers
v000002ce3111af30_0 .net *"_ivl_56", 0 0, L_000002ce31129dd0;  1 drivers
v000002ce3111b610_0 .net *"_ivl_6", 0 0, L_000002ce310a8490;  1 drivers
v000002ce3111a170_0 .net "in", 3 0, L_000002ce31129010;  1 drivers
v000002ce3111a710_0 .net "intermediate", 0 3, L_000002ce31129510;  1 drivers
v000002ce31119d10_0 .net "out", 0 0, L_000002ce310a8730;  1 drivers
v000002ce3111b890_0 .net "sel", 1 0, L_000002ce3112a2d0;  1 drivers
v000002ce3111b4d0_0 .net "seln", 1 0, L_000002ce311276d0;  1 drivers
L_000002ce31127630 .part L_000002ce3112a2d0, 0, 1;
L_000002ce311276d0 .concat8 [ 1 1 0 0], L_000002ce310a83b0, L_000002ce310a8490;
L_000002ce31127770 .part L_000002ce3112a2d0, 1, 1;
L_000002ce31129f10 .part L_000002ce31129010, 0, 1;
L_000002ce31128f70 .part L_000002ce311276d0, 0, 1;
L_000002ce31129330 .part L_000002ce311276d0, 1, 1;
L_000002ce31129fb0 .part L_000002ce31129010, 1, 1;
L_000002ce311289d0 .part L_000002ce311276d0, 1, 1;
L_000002ce311295b0 .part L_000002ce3112a2d0, 0, 1;
L_000002ce31128a70 .part L_000002ce31129010, 2, 1;
L_000002ce3112a5f0 .part L_000002ce3112a2d0, 1, 1;
L_000002ce31129d30 .part L_000002ce311276d0, 0, 1;
L_000002ce31129510 .concat8 [ 1 1 1 1], L_000002ce310a86c0, L_000002ce310a8880, L_000002ce310a8960, L_000002ce310a8570;
L_000002ce31128930 .part L_000002ce31129010, 3, 1;
L_000002ce31129b50 .part L_000002ce3112a2d0, 0, 1;
L_000002ce31128bb0 .part L_000002ce3112a2d0, 1, 1;
L_000002ce311290b0 .part L_000002ce31129510, 3, 1;
L_000002ce3112a050 .part L_000002ce31129510, 2, 1;
L_000002ce31128ed0 .part L_000002ce31129510, 1, 1;
L_000002ce31129dd0 .part L_000002ce31129510, 0, 1;
S_000002ce310724d0 .scope module, "mux2" "mux4to1" 3 10, 4 1 0, S_000002ce310ab460;
 .timescale 0 0;
    .port_info 0 /OUTPUT 1 "out";
    .port_info 1 /INPUT 4 "in";
    .port_info 2 /INPUT 2 "sel";
L_000002ce310a87a0 .functor NOT 1, L_000002ce31128cf0, C4<0>, C4<0>, C4<0>;
L_000002ce3112c4b0 .functor NOT 1, L_000002ce31129e70, C4<0>, C4<0>, C4<0>;
L_000002ce3112bd40 .functor AND 1, L_000002ce3112a0f0, L_000002ce3112a190, L_000002ce3112a7d0, C4<1>;
L_000002ce3112bb10 .functor AND 1, L_000002ce31128e30, L_000002ce31128c50, L_000002ce3112a730, C4<1>;
L_000002ce3112c280 .functor AND 1, L_000002ce311293d0, L_000002ce3112a370, L_000002ce3112a410, C4<1>;
L_000002ce3112bf70 .functor AND 1, L_000002ce3112a4b0, L_000002ce31128d90, L_000002ce31129c90, C4<1>;
L_000002ce3112bdb0 .functor OR 1, L_000002ce31129470, L_000002ce311291f0, L_000002ce31129650, L_000002ce31129150;
v000002ce3111ae90_0 .net *"_ivl_1", 0 0, L_000002ce310a87a0;  1 drivers
v000002ce31119c70_0 .net *"_ivl_10", 0 0, L_000002ce31129e70;  1 drivers
v000002ce3111a210_0 .net *"_ivl_12", 0 0, L_000002ce3112bd40;  1 drivers
v000002ce31119e50_0 .net *"_ivl_15", 0 0, L_000002ce3112a0f0;  1 drivers
v000002ce31119ef0_0 .net *"_ivl_17", 0 0, L_000002ce3112a190;  1 drivers
v000002ce3111ab70_0 .net *"_ivl_19", 0 0, L_000002ce3112a7d0;  1 drivers
v000002ce3111ac10_0 .net *"_ivl_21", 0 0, L_000002ce3112bb10;  1 drivers
v000002ce3111ad50_0 .net *"_ivl_24", 0 0, L_000002ce31128e30;  1 drivers
v000002ce3111b2f0_0 .net *"_ivl_26", 0 0, L_000002ce31128c50;  1 drivers
v000002ce31119a90_0 .net *"_ivl_28", 0 0, L_000002ce3112a730;  1 drivers
v000002ce3111b430_0 .net *"_ivl_30", 0 0, L_000002ce3112c280;  1 drivers
v000002ce3111b7f0_0 .net *"_ivl_33", 0 0, L_000002ce311293d0;  1 drivers
v000002ce3111a530_0 .net *"_ivl_35", 0 0, L_000002ce3112a370;  1 drivers
v000002ce3111acb0_0 .net *"_ivl_37", 0 0, L_000002ce3112a410;  1 drivers
v000002ce3111a7b0_0 .net *"_ivl_39", 0 0, L_000002ce3112bf70;  1 drivers
v000002ce3111afd0_0 .net *"_ivl_4", 0 0, L_000002ce31128cf0;  1 drivers
v000002ce3111a850_0 .net *"_ivl_43", 0 0, L_000002ce3112a4b0;  1 drivers
v000002ce3111b390_0 .net *"_ivl_45", 0 0, L_000002ce31128d90;  1 drivers
v000002ce3111a8f0_0 .net *"_ivl_47", 0 0, L_000002ce31129c90;  1 drivers
v000002ce3111b570_0 .net *"_ivl_50", 0 0, L_000002ce31129470;  1 drivers
v000002ce3111a990_0 .net *"_ivl_52", 0 0, L_000002ce311291f0;  1 drivers
v000002ce3111aa30_0 .net *"_ivl_54", 0 0, L_000002ce31129650;  1 drivers
v000002ce3111b070_0 .net *"_ivl_56", 0 0, L_000002ce31129150;  1 drivers
v000002ce3111b930_0 .net *"_ivl_6", 0 0, L_000002ce3112c4b0;  1 drivers
v000002ce3111b110_0 .net "in", 3 0, L_000002ce3112a690;  1 drivers
v000002ce3111b6b0_0 .net "intermediate", 0 3, L_000002ce311296f0;  1 drivers
v000002ce311245f0_0 .net "out", 0 0, L_000002ce3112bdb0;  1 drivers
v000002ce311242d0_0 .net "sel", 1 0, L_000002ce31129290;  1 drivers
v000002ce31124d70_0 .net "seln", 1 0, L_000002ce31128b10;  1 drivers
L_000002ce31128cf0 .part L_000002ce31129290, 0, 1;
L_000002ce31128b10 .concat8 [ 1 1 0 0], L_000002ce310a87a0, L_000002ce3112c4b0;
L_000002ce31129e70 .part L_000002ce31129290, 1, 1;
L_000002ce3112a0f0 .part L_000002ce3112a690, 0, 1;
L_000002ce3112a190 .part L_000002ce31128b10, 0, 1;
L_000002ce3112a7d0 .part L_000002ce31128b10, 1, 1;
L_000002ce31128e30 .part L_000002ce3112a690, 1, 1;
L_000002ce31128c50 .part L_000002ce31128b10, 1, 1;
L_000002ce3112a730 .part L_000002ce31129290, 0, 1;
L_000002ce311293d0 .part L_000002ce3112a690, 2, 1;
L_000002ce3112a370 .part L_000002ce31129290, 1, 1;
L_000002ce3112a410 .part L_000002ce31128b10, 0, 1;
L_000002ce311296f0 .concat8 [ 1 1 1 1], L_000002ce3112bf70, L_000002ce3112c280, L_000002ce3112bb10, L_000002ce3112bd40;
L_000002ce3112a4b0 .part L_000002ce3112a690, 3, 1;
L_000002ce31128d90 .part L_000002ce31129290, 0, 1;
L_000002ce31129c90 .part L_000002ce31129290, 1, 1;
L_000002ce31129470 .part L_000002ce311296f0, 3, 1;
L_000002ce311291f0 .part L_000002ce311296f0, 2, 1;
L_000002ce31129650 .part L_000002ce311296f0, 1, 1;
L_000002ce31129150 .part L_000002ce311296f0, 0, 1;
S_000002ce31072770 .scope module, "mux3" "mux4to1" 3 11, 4 1 0, S_000002ce310ab460;
 .timescale 0 0;
    .port_info 0 /OUTPUT 1 "out";
    .port_info 1 /INPUT 4 "in";
    .port_info 2 /INPUT 2 "sel";
L_000002ce3112be90 .functor NOT 1, L_000002ce31129790, C4<0>, C4<0>, C4<0>;
L_000002ce3112be20 .functor NOT 1, L_000002ce3112a550, C4<0>, C4<0>, C4<0>;
L_000002ce3112bf00 .functor AND 1, L_000002ce311298d0, L_000002ce31129970, L_000002ce31129a10, C4<1>;
L_000002ce3112bfe0 .functor AND 1, L_000002ce31129ab0, L_000002ce31129bf0, L_000002ce3112a230, C4<1>;
L_000002ce3112c520 .functor AND 1, L_000002ce3112e080, L_000002ce3112d180, L_000002ce3112cdc0, C4<1>;
L_000002ce3112c6e0 .functor AND 1, L_000002ce3112d220, L_000002ce3112d9a0, L_000002ce3112caa0, C4<1>;
L_000002ce3112bbf0 .functor OR 1, L_000002ce3112cd20, L_000002ce3112d400, L_000002ce3112e760, L_000002ce3112de00;
v000002ce31125770_0 .net *"_ivl_1", 0 0, L_000002ce3112be90;  1 drivers
v000002ce31124eb0_0 .net *"_ivl_10", 0 0, L_000002ce3112a550;  1 drivers
v000002ce31124550_0 .net *"_ivl_12", 0 0, L_000002ce3112bf00;  1 drivers
v000002ce31123bf0_0 .net *"_ivl_15", 0 0, L_000002ce311298d0;  1 drivers
v000002ce31124370_0 .net *"_ivl_17", 0 0, L_000002ce31129970;  1 drivers
v000002ce31123dd0_0 .net *"_ivl_19", 0 0, L_000002ce31129a10;  1 drivers
v000002ce31123ab0_0 .net *"_ivl_21", 0 0, L_000002ce3112bfe0;  1 drivers
v000002ce31124b90_0 .net *"_ivl_24", 0 0, L_000002ce31129ab0;  1 drivers
v000002ce31124690_0 .net *"_ivl_26", 0 0, L_000002ce31129bf0;  1 drivers
v000002ce31124730_0 .net *"_ivl_28", 0 0, L_000002ce3112a230;  1 drivers
v000002ce311251d0_0 .net *"_ivl_30", 0 0, L_000002ce3112c520;  1 drivers
v000002ce31125810_0 .net *"_ivl_33", 0 0, L_000002ce3112e080;  1 drivers
v000002ce31125950_0 .net *"_ivl_35", 0 0, L_000002ce3112d180;  1 drivers
v000002ce31124410_0 .net *"_ivl_37", 0 0, L_000002ce3112cdc0;  1 drivers
v000002ce31123fb0_0 .net *"_ivl_39", 0 0, L_000002ce3112c6e0;  1 drivers
v000002ce31125310_0 .net *"_ivl_4", 0 0, L_000002ce31129790;  1 drivers
v000002ce31123d30_0 .net *"_ivl_43", 0 0, L_000002ce3112d220;  1 drivers
v000002ce31125450_0 .net *"_ivl_45", 0 0, L_000002ce3112d9a0;  1 drivers
v000002ce31123e70_0 .net *"_ivl_47", 0 0, L_000002ce3112caa0;  1 drivers
v000002ce311247d0_0 .net *"_ivl_50", 0 0, L_000002ce3112cd20;  1 drivers
v000002ce311240f0_0 .net *"_ivl_52", 0 0, L_000002ce3112d400;  1 drivers
v000002ce31124f50_0 .net *"_ivl_54", 0 0, L_000002ce3112e760;  1 drivers
v000002ce31124af0_0 .net *"_ivl_56", 0 0, L_000002ce3112de00;  1 drivers
v000002ce31123b50_0 .net *"_ivl_6", 0 0, L_000002ce3112be20;  1 drivers
v000002ce31124190_0 .net "in", 3 0, L_000002ce3112c960;  1 drivers
v000002ce31123f10_0 .net "intermediate", 0 3, L_000002ce3112dae0;  1 drivers
v000002ce31124230_0 .net "out", 0 0, L_000002ce3112bbf0;  1 drivers
v000002ce31124e10_0 .net "sel", 1 0, L_000002ce3112db80;  1 drivers
v000002ce311244b0_0 .net "seln", 1 0, L_000002ce31129830;  1 drivers
L_000002ce31129790 .part L_000002ce3112db80, 0, 1;
L_000002ce31129830 .concat8 [ 1 1 0 0], L_000002ce3112be90, L_000002ce3112be20;
L_000002ce3112a550 .part L_000002ce3112db80, 1, 1;
L_000002ce311298d0 .part L_000002ce3112c960, 0, 1;
L_000002ce31129970 .part L_000002ce31129830, 0, 1;
L_000002ce31129a10 .part L_000002ce31129830, 1, 1;
L_000002ce31129ab0 .part L_000002ce3112c960, 1, 1;
L_000002ce31129bf0 .part L_000002ce31129830, 1, 1;
L_000002ce3112a230 .part L_000002ce3112db80, 0, 1;
L_000002ce3112e080 .part L_000002ce3112c960, 2, 1;
L_000002ce3112d180 .part L_000002ce3112db80, 1, 1;
L_000002ce3112cdc0 .part L_000002ce31129830, 0, 1;
L_000002ce3112dae0 .concat8 [ 1 1 1 1], L_000002ce3112c6e0, L_000002ce3112c520, L_000002ce3112bfe0, L_000002ce3112bf00;
L_000002ce3112d220 .part L_000002ce3112c960, 3, 1;
L_000002ce3112d9a0 .part L_000002ce3112db80, 0, 1;
L_000002ce3112caa0 .part L_000002ce3112db80, 1, 1;
L_000002ce3112cd20 .part L_000002ce3112dae0, 3, 1;
L_000002ce3112d400 .part L_000002ce3112dae0, 2, 1;
L_000002ce3112e760 .part L_000002ce3112dae0, 1, 1;
L_000002ce3112de00 .part L_000002ce3112dae0, 0, 1;
S_000002ce31125b80 .scope module, "mux4" "mux4to1" 3 12, 4 1 0, S_000002ce310ab460;
 .timescale 0 0;
    .port_info 0 /OUTPUT 1 "out";
    .port_info 1 /INPUT 4 "in";
    .port_info 2 /INPUT 2 "sel";
L_000002ce3112c0c0 .functor NOT 1, L_000002ce3112d2c0, C4<0>, C4<0>, C4<0>;
L_000002ce3112b9c0 .functor NOT 1, L_000002ce3112d900, C4<0>, C4<0>, C4<0>;
L_000002ce3112b950 .functor AND 1, L_000002ce3112da40, L_000002ce3112d4a0, L_000002ce3112dea0, C4<1>;
L_000002ce3112c050 .functor AND 1, L_000002ce3112cb40, L_000002ce3112d860, L_000002ce3112dcc0, C4<1>;
L_000002ce3112c7c0 .functor AND 1, L_000002ce3112d540, L_000002ce3112d680, L_000002ce3112dc20, C4<1>;
L_000002ce3112c750 .functor AND 1, L_000002ce3112d360, L_000002ce3112dd60, L_000002ce3112e6c0, C4<1>;
L_000002ce3112bb80 .functor OR 1, L_000002ce3112cc80, L_000002ce3112cf00, L_000002ce3112df40, L_000002ce3112e800;
v000002ce31124050_0 .net *"_ivl_1", 0 0, L_000002ce3112c0c0;  1 drivers
v000002ce31124c30_0 .net *"_ivl_10", 0 0, L_000002ce3112d900;  1 drivers
v000002ce31124ff0_0 .net *"_ivl_12", 0 0, L_000002ce3112b950;  1 drivers
v000002ce31124cd0_0 .net *"_ivl_15", 0 0, L_000002ce3112da40;  1 drivers
v000002ce311249b0_0 .net *"_ivl_17", 0 0, L_000002ce3112d4a0;  1 drivers
v000002ce31123c90_0 .net *"_ivl_19", 0 0, L_000002ce3112dea0;  1 drivers
v000002ce31125090_0 .net *"_ivl_21", 0 0, L_000002ce3112c050;  1 drivers
v000002ce31124870_0 .net *"_ivl_24", 0 0, L_000002ce3112cb40;  1 drivers
v000002ce31125130_0 .net *"_ivl_26", 0 0, L_000002ce3112d860;  1 drivers
v000002ce311254f0_0 .net *"_ivl_28", 0 0, L_000002ce3112dcc0;  1 drivers
v000002ce31124910_0 .net *"_ivl_30", 0 0, L_000002ce3112c7c0;  1 drivers
v000002ce31124a50_0 .net *"_ivl_33", 0 0, L_000002ce3112d540;  1 drivers
v000002ce31125270_0 .net *"_ivl_35", 0 0, L_000002ce3112d680;  1 drivers
v000002ce311253b0_0 .net *"_ivl_37", 0 0, L_000002ce3112dc20;  1 drivers
v000002ce31125590_0 .net *"_ivl_39", 0 0, L_000002ce3112c750;  1 drivers
v000002ce31125630_0 .net *"_ivl_4", 0 0, L_000002ce3112d2c0;  1 drivers
v000002ce311256d0_0 .net *"_ivl_43", 0 0, L_000002ce3112d360;  1 drivers
v000002ce311258b0_0 .net *"_ivl_45", 0 0, L_000002ce3112dd60;  1 drivers
v000002ce31126190_0 .net *"_ivl_47", 0 0, L_000002ce3112e6c0;  1 drivers
v000002ce31125fb0_0 .net *"_ivl_50", 0 0, L_000002ce3112cc80;  1 drivers
v000002ce31125e70_0 .net *"_ivl_52", 0 0, L_000002ce3112cf00;  1 drivers
v000002ce311271d0_0 .net *"_ivl_54", 0 0, L_000002ce3112df40;  1 drivers
v000002ce311260f0_0 .net *"_ivl_56", 0 0, L_000002ce3112e800;  1 drivers
v000002ce31126410_0 .net *"_ivl_6", 0 0, L_000002ce3112b9c0;  1 drivers
v000002ce31127310_0 .net "in", 3 0, L_000002ce3112e120;  1 drivers
v000002ce311273b0_0 .net "intermediate", 0 3, L_000002ce3112cbe0;  1 drivers
v000002ce31126690_0 .net "out", 0 0, L_000002ce3112bb80;  1 drivers
v000002ce31127950_0 .net "sel", 1 0, L_000002ce3112d5e0;  1 drivers
v000002ce31126730_0 .net "seln", 1 0, L_000002ce3112ce60;  1 drivers
L_000002ce3112d2c0 .part L_000002ce3112d5e0, 0, 1;
L_000002ce3112ce60 .concat8 [ 1 1 0 0], L_000002ce3112c0c0, L_000002ce3112b9c0;
L_000002ce3112d900 .part L_000002ce3112d5e0, 1, 1;
L_000002ce3112da40 .part L_000002ce3112e120, 0, 1;
L_000002ce3112d4a0 .part L_000002ce3112ce60, 0, 1;
L_000002ce3112dea0 .part L_000002ce3112ce60, 1, 1;
L_000002ce3112cb40 .part L_000002ce3112e120, 1, 1;
L_000002ce3112d860 .part L_000002ce3112ce60, 1, 1;
L_000002ce3112dcc0 .part L_000002ce3112d5e0, 0, 1;
L_000002ce3112d540 .part L_000002ce3112e120, 2, 1;
L_000002ce3112d680 .part L_000002ce3112d5e0, 1, 1;
L_000002ce3112dc20 .part L_000002ce3112ce60, 0, 1;
L_000002ce3112cbe0 .concat8 [ 1 1 1 1], L_000002ce3112c750, L_000002ce3112c7c0, L_000002ce3112c050, L_000002ce3112b950;
L_000002ce3112d360 .part L_000002ce3112e120, 3, 1;
L_000002ce3112dd60 .part L_000002ce3112d5e0, 0, 1;
L_000002ce3112e6c0 .part L_000002ce3112d5e0, 1, 1;
L_000002ce3112cc80 .part L_000002ce3112cbe0, 3, 1;
L_000002ce3112cf00 .part L_000002ce3112cbe0, 2, 1;
L_000002ce3112df40 .part L_000002ce3112cbe0, 1, 1;
L_000002ce3112e800 .part L_000002ce3112cbe0, 0, 1;
S_000002ce31127e30 .scope module, "mux5" "mux4to1" 3 13, 4 1 0, S_000002ce310ab460;
 .timescale 0 0;
    .port_info 0 /OUTPUT 1 "out";
    .port_info 1 /INPUT 4 "in";
    .port_info 2 /INPUT 2 "sel";
L_000002ce3112bc60 .functor NOT 1, L_000002ce3112e440, C4<0>, C4<0>, C4<0>;
L_000002ce3112bcd0 .functor NOT 1, L_000002ce3112cfa0, C4<0>, C4<0>, C4<0>;
L_000002ce3112c590 .functor AND 1, L_000002ce3112d040, L_000002ce3112e1c0, L_000002ce3112e260, C4<1>;
L_000002ce3112c360 .functor AND 1, L_000002ce3112ca00, L_000002ce3112d0e0, L_000002ce3112d7c0, C4<1>;
L_000002ce3112c130 .functor AND 1, L_000002ce3112e300, L_000002ce3112e3a0, L_000002ce3112e4e0, C4<1>;
L_000002ce3112c2f0 .functor AND 1, L_000002ce3112e620, L_000002ce31131da0, L_000002ce31132020, C4<1>;
L_000002ce3112c830 .functor OR 1, L_000002ce31131940, L_000002ce31130a40, L_000002ce31131e40, L_000002ce31131760;
v000002ce31126d70_0 .net *"_ivl_1", 0 0, L_000002ce3112bc60;  1 drivers
v000002ce31127810_0 .net *"_ivl_10", 0 0, L_000002ce3112cfa0;  1 drivers
v000002ce311264b0_0 .net *"_ivl_12", 0 0, L_000002ce3112c590;  1 drivers
v000002ce31126550_0 .net *"_ivl_15", 0 0, L_000002ce3112d040;  1 drivers
v000002ce31127450_0 .net *"_ivl_17", 0 0, L_000002ce3112e1c0;  1 drivers
v000002ce31126230_0 .net *"_ivl_19", 0 0, L_000002ce3112e260;  1 drivers
v000002ce31126f50_0 .net *"_ivl_21", 0 0, L_000002ce3112c360;  1 drivers
v000002ce311267d0_0 .net *"_ivl_24", 0 0, L_000002ce3112ca00;  1 drivers
v000002ce311279f0_0 .net *"_ivl_26", 0 0, L_000002ce3112d0e0;  1 drivers
v000002ce311274f0_0 .net *"_ivl_28", 0 0, L_000002ce3112d7c0;  1 drivers
v000002ce31127bd0_0 .net *"_ivl_30", 0 0, L_000002ce3112c130;  1 drivers
v000002ce31126ff0_0 .net *"_ivl_33", 0 0, L_000002ce3112e300;  1 drivers
v000002ce31126eb0_0 .net *"_ivl_35", 0 0, L_000002ce3112e3a0;  1 drivers
v000002ce31126370_0 .net *"_ivl_37", 0 0, L_000002ce3112e4e0;  1 drivers
v000002ce31127090_0 .net *"_ivl_39", 0 0, L_000002ce3112c2f0;  1 drivers
v000002ce31126e10_0 .net *"_ivl_4", 0 0, L_000002ce3112e440;  1 drivers
v000002ce31127130_0 .net *"_ivl_43", 0 0, L_000002ce3112e620;  1 drivers
v000002ce31127c70_0 .net *"_ivl_45", 0 0, L_000002ce31131da0;  1 drivers
v000002ce311262d0_0 .net *"_ivl_47", 0 0, L_000002ce31132020;  1 drivers
v000002ce31127590_0 .net *"_ivl_50", 0 0, L_000002ce31131940;  1 drivers
v000002ce311265f0_0 .net *"_ivl_52", 0 0, L_000002ce31130a40;  1 drivers
v000002ce31126870_0 .net *"_ivl_54", 0 0, L_000002ce31131e40;  1 drivers
v000002ce31126910_0 .net *"_ivl_56", 0 0, L_000002ce31131760;  1 drivers
v000002ce311278b0_0 .net *"_ivl_6", 0 0, L_000002ce3112bcd0;  1 drivers
v000002ce31127a90_0 .net "in", 3 0, L_000002ce3112dfe0;  alias, 1 drivers
v000002ce311269b0_0 .net "intermediate", 0 3, L_000002ce3112e580;  1 drivers
v000002ce31126a50_0 .net "out", 0 0, L_000002ce3112c830;  alias, 1 drivers
v000002ce31126af0_0 .net "sel", 1 0, L_000002ce31131120;  1 drivers
v000002ce31126b90_0 .net "seln", 1 0, L_000002ce3112d720;  1 drivers
L_000002ce3112e440 .part L_000002ce31131120, 0, 1;
L_000002ce3112d720 .concat8 [ 1 1 0 0], L_000002ce3112bc60, L_000002ce3112bcd0;
L_000002ce3112cfa0 .part L_000002ce31131120, 1, 1;
L_000002ce3112d040 .part L_000002ce3112dfe0, 0, 1;
L_000002ce3112e1c0 .part L_000002ce3112d720, 0, 1;
L_000002ce3112e260 .part L_000002ce3112d720, 1, 1;
L_000002ce3112ca00 .part L_000002ce3112dfe0, 1, 1;
L_000002ce3112d0e0 .part L_000002ce3112d720, 1, 1;
L_000002ce3112d7c0 .part L_000002ce31131120, 0, 1;
L_000002ce3112e300 .part L_000002ce3112dfe0, 2, 1;
L_000002ce3112e3a0 .part L_000002ce31131120, 1, 1;
L_000002ce3112e4e0 .part L_000002ce3112d720, 0, 1;
L_000002ce3112e580 .concat8 [ 1 1 1 1], L_000002ce3112c2f0, L_000002ce3112c130, L_000002ce3112c360, L_000002ce3112c590;
L_000002ce3112e620 .part L_000002ce3112dfe0, 3, 1;
L_000002ce31131da0 .part L_000002ce31131120, 0, 1;
L_000002ce31132020 .part L_000002ce31131120, 1, 1;
L_000002ce31131940 .part L_000002ce3112e580, 3, 1;
L_000002ce31130a40 .part L_000002ce3112e580, 2, 1;
L_000002ce31131e40 .part L_000002ce3112e580, 1, 1;
L_000002ce31131760 .part L_000002ce3112e580, 0, 1;
    .scope S_000002ce310c8c60;
T_0 ;
    %vpi_call 2 10 "$monitor", "in=%b | sel=%b | out=%b", v000002ce31126cd0_0, v000002ce31127d10_0, v000002ce31127b30_0 {0 0 0};
    %end;
    .thread T_0;
    .scope S_000002ce310c8c60;
T_1 ;
    %pushi/vec4 32768, 0, 16;
    %store/vec4 v000002ce31126cd0_0, 0, 16;
    %pushi/vec4 0, 0, 4;
    %store/vec4 v000002ce31127d10_0, 0, 4;
    %delay 3, 0;
    %pushi/vec4 16384, 0, 16;
    %store/vec4 v000002ce31126cd0_0, 0, 16;
    %pushi/vec4 1, 0, 4;
    %store/vec4 v000002ce31127d10_0, 0, 4;
    %delay 3, 0;
    %pushi/vec4 8192, 0, 16;
    %store/vec4 v000002ce31126cd0_0, 0, 16;
    %pushi/vec4 2, 0, 4;
    %store/vec4 v000002ce31127d10_0, 0, 4;
    %delay 3, 0;
    %pushi/vec4 4096, 0, 16;
    %store/vec4 v000002ce31126cd0_0, 0, 16;
    %pushi/vec4 3, 0, 4;
    %store/vec4 v000002ce31127d10_0, 0, 4;
    %delay 3, 0;
    %pushi/vec4 2048, 0, 16;
    %store/vec4 v000002ce31126cd0_0, 0, 16;
    %pushi/vec4 4, 0, 4;
    %store/vec4 v000002ce31127d10_0, 0, 4;
    %delay 3, 0;
    %pushi/vec4 1024, 0, 16;
    %store/vec4 v000002ce31126cd0_0, 0, 16;
    %pushi/vec4 5, 0, 4;
    %store/vec4 v000002ce31127d10_0, 0, 4;
    %delay 3, 0;
    %pushi/vec4 512, 0, 16;
    %store/vec4 v000002ce31126cd0_0, 0, 16;
    %pushi/vec4 6, 0, 4;
    %store/vec4 v000002ce31127d10_0, 0, 4;
    %delay 3, 0;
    %pushi/vec4 256, 0, 16;
    %store/vec4 v000002ce31126cd0_0, 0, 16;
    %pushi/vec4 7, 0, 4;
    %store/vec4 v000002ce31127d10_0, 0, 4;
    %delay 3, 0;
    %pushi/vec4 128, 0, 16;
    %store/vec4 v000002ce31126cd0_0, 0, 16;
    %pushi/vec4 8, 0, 4;
    %store/vec4 v000002ce31127d10_0, 0, 4;
    %delay 3, 0;
    %pushi/vec4 64, 0, 16;
    %store/vec4 v000002ce31126cd0_0, 0, 16;
    %pushi/vec4 9, 0, 4;
    %store/vec4 v000002ce31127d10_0, 0, 4;
    %delay 3, 0;
    %pushi/vec4 32, 0, 16;
    %store/vec4 v000002ce31126cd0_0, 0, 16;
    %pushi/vec4 10, 0, 4;
    %store/vec4 v000002ce31127d10_0, 0, 4;
    %delay 3, 0;
    %pushi/vec4 16, 0, 16;
    %store/vec4 v000002ce31126cd0_0, 0, 16;
    %pushi/vec4 11, 0, 4;
    %store/vec4 v000002ce31127d10_0, 0, 4;
    %delay 3, 0;
    %pushi/vec4 8, 0, 16;
    %store/vec4 v000002ce31126cd0_0, 0, 16;
    %pushi/vec4 12, 0, 4;
    %store/vec4 v000002ce31127d10_0, 0, 4;
    %delay 3, 0;
    %pushi/vec4 4, 0, 16;
    %store/vec4 v000002ce31126cd0_0, 0, 16;
    %pushi/vec4 13, 0, 4;
    %store/vec4 v000002ce31127d10_0, 0, 4;
    %delay 3, 0;
    %pushi/vec4 2, 0, 16;
    %store/vec4 v000002ce31126cd0_0, 0, 16;
    %pushi/vec4 14, 0, 4;
    %store/vec4 v000002ce31127d10_0, 0, 4;
    %delay 3, 0;
    %pushi/vec4 1, 0, 16;
    %store/vec4 v000002ce31126cd0_0, 0, 16;
    %pushi/vec4 15, 0, 4;
    %store/vec4 v000002ce31127d10_0, 0, 4;
    %end;
    .thread T_1;
# The file index is used to find the file name in the following table.
:file_names 5;
    "N/A";
    "<interactive>";
    "Tb_mux16to1.v";
    "mux16to1gate.v";
    "mux4to1gate.v";
